<?xml version="1.0" encoding="UTF-8"?>
<!-- Generated by org.testng.reporters.JUnitXMLReporter -->
<testsuite ignored="0" hostname="LTIN523467" failures="0" tests="17" name="ChromeTest" time="104.171" errors="0" timestamp="2025-04-22T14:32:45 IST">
  <testcase classname="InsuranceAutomation_testClass.CarInsuranceTest" name="testHomePage" time="2.877"/>
  <testcase classname="InsuranceAutomation_testClass.CarInsuranceTest" name="testCarNavigation" time="1.739"/>
  <testcase classname="InsuranceAutomation_testClass.CarInsuranceTest" name="testCarDetailsEntry" time="17.303"/>
  <testcase classname="InsuranceAutomation_testClass.CarInsuranceTest" name="testCarErrorMessages" time="1.363"/>
  <testcase classname="InsuranceAutomation_testClass.HealthInsuranceTest" name="testHomePage" time="1.924"/>
  <testcase classname="InsuranceAutomation_testClass.HealthInsuranceTest" name="testHealthDetailsEntry" time="8.345"/>
  <testcase classname="InsuranceAutomation_testClass.HealthInsuranceTest" name="testHealthErrorMessages" time="4.44"/>
  <testcase classname="InsuranceAutomation_testClass.BikeInsuranceTest" name="testHomePage" time="1.917"/>
  <testcase classname="InsuranceAutomation_testClass.BikeInsuranceTest" name="testBikeNavigation" time="1.687"/>
  <testcase classname="InsuranceAutomation_testClass.BikeInsuranceTest" name="testBikeDetailsEntry" time="7.378"/>
  <testcase classname="InsuranceAutomation_testClass.BikeInsuranceTest" name="testBikeRegistrationDetailsEntry" time="2.657"/>
  <testcase classname="InsuranceAutomation_testClass.BikeInsuranceTest" name="testBikePolicyExpiredDetailsEntry" time="3.726"/>
  <testcase classname="InsuranceAutomation_testClass.BikeInsuranceTest" name="testBikePlanResult" time="3.394"/>
  <testcase classname="InsuranceAutomation_testClass.TermLifeInsuranceTest" name="testHomePage" time="2.356"/>
  <testcase classname="InsuranceAutomation_testClass.TermLifeInsuranceTest" name="testTermLifeNavigation" time="1.523"/>
  <testcase classname="InsuranceAutomation_testClass.TermLifeInsuranceTest" name="testTermLifeDetailsEntry" time="6.442"/>
  <testcase classname="InsuranceAutomation_testClass.TermLifeInsuranceTest" name="testTermLifeErrorMessages" time="0.923"/>
</testsuite> <!-- ChromeTest -->
