<?xml version="1.0" encoding="UTF-8"?>
<!-- Generated by org.testng.reporters.JUnitXMLReporter -->
<testsuite ignored="0" hostname="LTIN523467" failures="0" tests="17" name="EdgeTest" time="360.097" errors="0" timestamp="2025-04-20T22:26:54 IST">
  <testcase classname="InsuranceAutomation_testClass.CarInsuranceTest" name="testHomePage" time="0.0">
    <skipped/>
  </testcase> <!-- testHomePage -->
  <testcase classname="InsuranceAutomation_testClass.CarInsuranceTest" name="testCarNavigation" time="0.0">
    <skipped/>
  </testcase> <!-- testCarNavigation -->
  <testcase classname="InsuranceAutomation_testClass.CarInsuranceTest" name="testCarDetailsEntry" time="0.0">
    <skipped/>
  </testcase> <!-- testCarDetailsEntry -->
  <testcase classname="InsuranceAutomation_testClass.CarInsuranceTest" name="testCarErrorMessages" time="0.0">
    <skipped/>
  </testcase> <!-- testCarErrorMessages -->
  <testcase classname="InsuranceAutomation_testClass.HealthInsuranceTest" name="testHomePage" time="0.0">
    <skipped/>
  </testcase> <!-- testHomePage -->
  <testcase classname="InsuranceAutomation_testClass.HealthInsuranceTest" name="testHealthDetailsEntry" time="0.0">
    <skipped/>
  </testcase> <!-- testHealthDetailsEntry -->
  <testcase classname="InsuranceAutomation_testClass.HealthInsuranceTest" name="testHealthErrorMessages" time="0.0">
    <skipped/>
  </testcase> <!-- testHealthErrorMessages -->
  <testcase classname="InsuranceAutomation_testClass.BikeInsuranceTest" name="testHomePage" time="0.0">
    <skipped/>
  </testcase> <!-- testHomePage -->
  <testcase classname="InsuranceAutomation_testClass.BikeInsuranceTest" name="testBikeNavigation" time="0.0">
    <skipped/>
  </testcase> <!-- testBikeNavigation -->
  <testcase classname="InsuranceAutomation_testClass.BikeInsuranceTest" name="testBikeDetailsEntry" time="0.0">
    <skipped/>
  </testcase> <!-- testBikeDetailsEntry -->
  <testcase classname="InsuranceAutomation_testClass.BikeInsuranceTest" name="testBikeRegistrationDetailsEntry" time="0.0">
    <skipped/>
  </testcase> <!-- testBikeRegistrationDetailsEntry -->
  <testcase classname="InsuranceAutomation_testClass.BikeInsuranceTest" name="testBikePolicyExpiredDetailsEntry" time="0.0">
    <skipped/>
  </testcase> <!-- testBikePolicyExpiredDetailsEntry -->
  <testcase classname="InsuranceAutomation_testClass.BikeInsuranceTest" name="testBikePlanResult" time="0.0">
    <skipped/>
  </testcase> <!-- testBikePlanResult -->
  <testcase classname="InsuranceAutomation_testClass.TermLifeInsuranceTest" name="testHomePage" time="0.0">
    <skipped/>
  </testcase> <!-- testHomePage -->
  <testcase classname="InsuranceAutomation_testClass.TermLifeInsuranceTest" name="testTermLifeNavigation" time="0.0">
    <skipped/>
  </testcase> <!-- testTermLifeNavigation -->
  <testcase classname="InsuranceAutomation_testClass.TermLifeInsuranceTest" name="testTermLifeDetailsEntry" time="0.0">
    <skipped/>
  </testcase> <!-- testTermLifeDetailsEntry -->
  <testcase classname="InsuranceAutomation_testClass.TermLifeInsuranceTest" name="testTermLifeErrorMessages" time="0.001">
    <skipped/>
  </testcase> <!-- testTermLifeErrorMessages -->
</testsuite> <!-- EdgeTest -->
