<?xml version="1.0" encoding="UTF-8"?>
<!-- Generated by org.testng.reporters.JUnitReportReporter -->
<testsuite hostname="LTIN523467" failures="0" tests="6" name="InsuranceAutomation_testClass.BikeInsuranceTest" time="20.759" errors="0" timestamp="2025-04-22T14:32:45 IST" skipped="0">
  <testcase classname="InsuranceAutomation_testClass.BikeInsuranceTest" name="testHomePage" time="1.917"/>
  <testcase classname="InsuranceAutomation_testClass.BikeInsuranceTest" name="testBikeNavigation" time="1.687"/>
  <testcase classname="InsuranceAutomation_testClass.BikeInsuranceTest" name="testBikeDetailsEntry" time="7.378"/>
  <testcase classname="InsuranceAutomation_testClass.BikeInsuranceTest" name="testBikeRegistrationDetailsEntry" time="2.657"/>
  <testcase classname="InsuranceAutomation_testClass.BikeInsuranceTest" name="testBikePolicyExpiredDetailsEntry" time="3.726"/>
  <testcase classname="InsuranceAutomation_testClass.BikeInsuranceTest" name="testBikePlanResult" time="3.394"/>
</testsuite> <!-- InsuranceAutomation_testClass.BikeInsuranceTest -->
