<?xml version="1.0" encoding="UTF-8"?>
<!-- Generated by org.testng.reporters.JUnitReportReporter -->
<testsuite hostname="LTIN523467" failures="0" tests="3" name="InsuranceAutomation_testClass.HealthInsuranceTest" time="14.709" errors="0" timestamp="2025-04-22T14:32:45 IST" skipped="0">
  <testcase classname="InsuranceAutomation_testClass.HealthInsuranceTest" name="testHomePage" time="1.924"/>
  <testcase classname="InsuranceAutomation_testClass.HealthInsuranceTest" name="testHealthDetailsEntry" time="8.345"/>
  <testcase classname="InsuranceAutomation_testClass.HealthInsuranceTest" name="testHealthErrorMessages" time="4.440"/>
</testsuite> <!-- InsuranceAutomation_testClass.HealthInsuranceTest -->
