<?xml version="1.0" encoding="UTF-8"?>
<!-- Generated by org.testng.reporters.JUnitReportReporter -->
<testsuite hostname="LTIN523467" failures="0" tests="4" name="InsuranceAutomation_testClass.TermLifeInsuranceTest" time="11.244" errors="0" timestamp="2025-04-22T14:32:45 IST" skipped="0">
  <testcase classname="InsuranceAutomation_testClass.TermLifeInsuranceTest" name="testHomePage" time="2.356"/>
  <testcase classname="InsuranceAutomation_testClass.TermLifeInsuranceTest" name="testTermLifeNavigation" time="1.523"/>
  <testcase classname="InsuranceAutomation_testClass.TermLifeInsuranceTest" name="testTermLifeErrorMessages" time="0.923"/>
  <testcase classname="InsuranceAutomation_testClass.TermLifeInsuranceTest" name="testTermLifeDetailsEntry" time="6.442"/>
</testsuite> <!-- InsuranceAutomation_testClass.TermLifeInsuranceTest -->
