<?xml version="1.0" encoding="UTF-8"?>
<!-- Generated by org.testng.reporters.JUnitReportReporter -->
<testsuite hostname="LTIN523467" failures="0" tests="4" name="InsuranceAutomation_testClass.CarInsuranceTest" time="23.282" errors="0" timestamp="2025-04-22T14:32:45 IST" skipped="0">
  <testcase classname="InsuranceAutomation_testClass.CarInsuranceTest" name="testHomePage" time="2.877"/>
  <testcase classname="InsuranceAutomation_testClass.CarInsuranceTest" name="testCarNavigation" time="1.739"/>
  <testcase classname="InsuranceAutomation_testClass.CarInsuranceTest" name="testCarDetailsEntry" time="17.303"/>
  <testcase classname="InsuranceAutomation_testClass.CarInsuranceTest" name="testCarErrorMessages" time="1.363"/>
</testsuite> <!-- InsuranceAutomation_testClass.CarInsuranceTest -->
